\BOOKMARK [1][-]{section.1}{Introduction}{}% 1
\BOOKMARK [1][-]{section.2}{Solution}{}% 2
\BOOKMARK [2][-]{subsection.2.1}{Optimisation Model}{section.2}% 3
\BOOKMARK [2][-]{subsection.2.2}{Visualisation}{section.2}% 4
\BOOKMARK [2][-]{subsection.2.3}{Future Development \046 Maintenance}{section.2}% 5
\BOOKMARK [2][-]{subsection.2.4}{Assumptions \046 Limitations}{section.2}% 6
\BOOKMARK [2][-]{subsection.2.5}{Updated Assumptions \046 Limitations \(September 2020 Update\)}{section.2}% 7
\BOOKMARK [1][-]{section.3}{Supporting Analysis}{}% 8
\BOOKMARK [2][-]{subsection.3.1}{Research}{section.3}% 9
\BOOKMARK [2][-]{subsection.3.2}{Data \046 Software}{section.3}% 10
\BOOKMARK [3][-]{subsubsection.3.2.1}{Viability Indices}{subsection.3.2}% 11
\BOOKMARK [3][-]{subsubsection.3.2.2}{Data Pipeline}{subsection.3.2}% 12
\BOOKMARK [2][-]{subsection.3.3}{Modelling}{section.3}% 13
\BOOKMARK [2][-]{subsection.3.4}{Analysis \(September 2020 Update\)}{section.3}% 14
\BOOKMARK [2][-]{subsection.3.5}{Minnesota}{section.3}% 15
\BOOKMARK [2][-]{subsection.3.6}{Texas}{section.3}% 16
\BOOKMARK [2][-]{subsection.3.7}{California}{section.3}% 17
\BOOKMARK [1][-]{section.4}{Appendix}{}% 18
\BOOKMARK [2][-]{subsection.4.1}{Appendix A: Pseudocode}{section.4}% 19
\BOOKMARK [3][-]{subsubsection.4.1.1}{Sets}{subsection.4.1}% 20
\BOOKMARK [3][-]{subsubsection.4.1.2}{Parameters}{subsection.4.1}% 21
\BOOKMARK [3][-]{subsubsection.4.1.3}{Variables}{subsection.4.1}% 22
\BOOKMARK [3][-]{subsubsection.4.1.4}{Constraints}{subsection.4.1}% 23
\BOOKMARK [3][-]{subsubsection.4.1.5}{Objective Function}{subsection.4.1}% 24
\BOOKMARK [2][-]{subsection.4.2}{Appendix B: Model Outputs for Vehicle Count}{section.4}% 25
